<?xml version="1.0" encoding="UTF-8"?>
<testsuite name="demolition.SampleTest" tests="2" skipped="1" failures="0" errors="0" timestamp="2021-10-21T01:38:01" hostname="DESKTOP-AQ0RU8G" time="0.02">
  <properties/>
  <testcase name="simpleTest()" classname="demolition.SampleTest" time="0.018"/>
  <testcase name="testMapSize()" classname="demolition.SampleTest" time="0.001">
    <skipped/>
  </testcase>
  <system-out><![CDATA[]]></system-out>
  <system-err><![CDATA[]]></system-err>
</testsuite>
